Using pre-set license
Built from '2022.1/staging' branch; Version is '2022.1.23f1 (9636b062134a) revision 9844400'; Using compiler version '192829333'; Build Type 'Release'
OS: 'Windows 11  (10.0.22621) 64bit Professional' Language: 'en' Physical Memory: 16147 MB
BatchMode: 1, IsHumanControllingUs: 0, StartBugReporterOnCrash: 0, Is64bit: 1, IsPro: 1

COMMAND LINE ARGUMENTS:
C:\Program Files\Unity\Hub\Editor\2022.1.23f1\Editor\Unity.exe
-adb2
-batchMode
-noUpm
-name
AssetImportWorker5
-projectPath
C:/Users/habib/Desktop/RDWT
-logFile
Logs/AssetImportWorker5.log
-srvPort
53031
Successfully changed project path to: C:/Users/habib/Desktop/RDWT
C:/Users/habib/Desktop/RDWT
[UnityMemory] Configuration Parameters - Can be set up in boot.config
    "memorysetup-bucket-allocator-granularity=16"
    "memorysetup-bucket-allocator-bucket-count=8"
    "memorysetup-bucket-allocator-block-size=33554432"
    "memorysetup-bucket-allocator-block-count=8"
    "memorysetup-main-allocator-block-size=16777216"
    "memorysetup-thread-allocator-block-size=16777216"
    "memorysetup-gfx-main-allocator-block-size=16777216"
    "memorysetup-gfx-thread-allocator-block-size=16777216"
    "memorysetup-cache-allocator-block-size=4194304"
    "memorysetup-typetree-allocator-block-size=2097152"
    "memorysetup-profiler-bucket-allocator-granularity=16"
    "memorysetup-profiler-bucket-allocator-bucket-count=8"
    "memorysetup-profiler-bucket-allocator-block-size=33554432"
    "memorysetup-profiler-bucket-allocator-block-count=8"
    "memorysetup-profiler-allocator-block-size=16777216"
    "memorysetup-profiler-editor-allocator-block-size=1048576"
    "memorysetup-temp-allocator-size-main=16777216"
    "memorysetup-job-temp-allocator-block-size=2097152"
    "memorysetup-job-temp-allocator-block-size-background=1048576"
    "memorysetup-job-temp-allocator-reduction-small-platforms=262144"
    "memorysetup-temp-allocator-size-background-worker=32768"
    "memorysetup-temp-allocator-size-job-worker=262144"
    "memorysetup-temp-allocator-size-preload-manager=33554432"
    "memorysetup-temp-allocator-size-nav-mesh-worker=65536"
    "memorysetup-temp-allocator-size-audio-worker=65536"
    "memorysetup-temp-allocator-size-cloud-worker=32768"
    "memorysetup-temp-allocator-size-gi-baking-worker=262144"
    "memorysetup-temp-allocator-size-gfx=262144"
Refreshing native plugins compatible for Editor in 139.83 ms, found 8 plugins.
Preloading 1 native plugins for Editor in 1.08 ms.
Initialize engine version: 2022.1.23f1 (9636b062134a)
[Subsystems] Discovering subsystems at path C:/Program Files/Unity/Hub/Editor/2022.1.23f1/Editor/Data/Resources/UnitySubsystems
[Subsystems] Discovering subsystems at path C:/Users/habib/Desktop/RDWT/Assets
GfxDevice: creating device client; threaded=0; jobified=0
Direct3D:
    Version:  Direct3D 11.0 [level 11.1]
    Renderer: NVIDIA GeForce RTX 2070 (ID=0x1f02)
    Vendor:   NVIDIA
    VRAM:     8019 MB
    Driver:   31.0.15.2686
Shader 'Oculus/OVRMRCameraFrameLit': fallback shader 'Alpha-Diffuse' not found
Initialize mono
Mono path[0] = 'C:/Program Files/Unity/Hub/Editor/2022.1.23f1/Editor/Data/Managed'
Mono path[1] = 'C:/Program Files/Unity/Hub/Editor/2022.1.23f1/Editor/Data/MonoBleedingEdge/lib/mono/unityjit-win32'
Mono config path = 'C:/Program Files/Unity/Hub/Editor/2022.1.23f1/Editor/Data/MonoBleedingEdge/etc'
Using monoOptions --debugger-agent=transport=dt_socket,embedding=1,server=y,suspend=n,address=127.0.0.1:56552
Begin MonoManager ReloadAssembly
Registering precompiled unity dll's ...
Register platform support module: C:/Program Files/Unity/Hub/Editor/2022.1.23f1/Editor/Data/PlaybackEngines/AndroidPlayer/UnityEditor.Android.Extensions.dll
Register platform support module: C:/Program Files/Unity/Hub/Editor/2022.1.23f1/Editor/Data/PlaybackEngines/WindowsStandaloneSupport/UnityEditor.WindowsStandalone.Extensions.dll
Registered in 0.003362 seconds.
Native extension for WindowsStandalone target not found
Native extension for Android target not found
Refreshing native plugins compatible for Editor in 115.50 ms, found 8 plugins.
Preloading 1 native plugins for Editor in 0.06 ms.
Mono: successfully reloaded assembly
- Completed reload, in  0.638 seconds
Domain Reload Profiling:
	ReloadAssembly (639ms)
		BeginReloadAssembly (64ms)
			ExecutionOrderSort (0ms)
			DisableScriptedObjects (0ms)
			BackupInstance (0ms)
			ReleaseScriptingObjects (0ms)
			CreateAndSetChildDomain (1ms)
		EndReloadAssembly (476ms)
			LoadAssemblies (63ms)
			RebuildTransferFunctionScriptingTraits (0ms)
			SetupTypeCache (105ms)
				TypeCache.Initialize (104ms)
					TypeCache.ScanAssembly (103ms)
				ResolveRequiredComponents (1ms)
			ReleaseScriptCaches (0ms)
			RebuildScriptCaches (28ms)
			SetupLoadedEditorAssemblies (286ms)
				LogAssemblyErrors (0ms)
				InitializePlatformSupportModulesInManaged (43ms)
				SetLoadedEditorAssemblies (7ms)
				RefreshPlugins (116ms)
				BeforeProcessingInitializeOnLoad (1ms)
				ProcessInitializeOnLoadAttributes (82ms)
				ProcessInitializeOnLoadMethodAttributes (37ms)
				AfterProcessingInitializeOnLoad (0ms)
				EditorAssembliesLoaded (0ms)
			ExecutionOrderSort2 (0ms)
			AwakeInstancesAfterBackupRestoration (0ms)
Platform modules already initialized, skipping
Registering precompiled user dll's ...
Registered in 0.005674 seconds.
Begin MonoManager ReloadAssembly
Symbol file LoadedFromMemory doesn't match image C:\Users\habib\Desktop\RDWT\Library\PackageCache\com.unity.visualscripting@1.7.8\Editor\VisualScripting.Core\Dependencies\DotNetZip\Unity.VisualScripting.IonicZip.dll
Symbol file LoadedFromMemory doesn't match image C:\Users\habib\Desktop\RDWT\Library\PackageCache\com.unity.visualscripting@1.7.8\Editor\VisualScripting.Core\Dependencies\YamlDotNet\Unity.VisualScripting.YamlDotNet.dll
Native extension for WindowsStandalone target not found
Native extension for Android target not found
Refreshing native plugins compatible for Editor in 115.68 ms, found 8 plugins.
Preloading 1 native plugins for Editor in 0.05 ms.
Package Manager log level set to [2]
[Package Manager] Server::EnsureServerProcessIsRunning -- launch failed, reason: Unity was launched with the -noUpm command-line argument
[Package Manager] UpmClient::Send -- Unable to send message (not connected to UPM process).
[Package Manager] Cannot connect to Unity Package Manager local server
[Package Manager] Server::EnsureServerProcessIsRunning -- launch failed, reason: Unity was launched with the -noUpm command-line argument
[Package Manager] UpmClient::Send -- Unable to send message (not connected to UPM process).
[Package Manager] Cannot connect to Unity Package Manager local server
[XR] OculusXRPlugin: registering subsystems
[XR] Unable to register display lifecyle provider: [1]
[XR] Oculus Input lifecycle provider registered.
[XR] Unable to register input lifecyle provider: [1]
[XR] OVRP version 1.85.0
Mono: successfully reloaded assembly
[Package Manager] Server::EnsureServerProcessIsRunning -- launch failed, reason: Unity was launched with the -noUpm command-line argument
[Package Manager] UpmClient::Send -- Unable to send message (not connected to UPM process).
[Package Manager] Cannot connect to Unity Package Manager local server
[Package Manager] Server::EnsureServerProcessIsRunning -- launch failed, reason: Unity was launched with the -noUpm command-line argument
[Package Manager] UpmClient::Send -- Unable to send message (not connected to UPM process).
[Package Manager] Cannot connect to Unity Package Manager local server
- Completed reload, in  1.444 seconds
Domain Reload Profiling:
	ReloadAssembly (1445ms)
		BeginReloadAssembly (184ms)
			ExecutionOrderSort (0ms)
			DisableScriptedObjects (4ms)
			BackupInstance (0ms)
			ReleaseScriptingObjects (0ms)
			CreateAndSetChildDomain (117ms)
		EndReloadAssembly (1172ms)
			LoadAssemblies (164ms)
			RebuildTransferFunctionScriptingTraits (0ms)
			SetupTypeCache (232ms)
				TypeCache.Initialize (217ms)
					TypeCache.ScanAssembly (213ms)
				ResolveRequiredComponents (15ms)
			ReleaseScriptCaches (1ms)
			RebuildScriptCaches (74ms)
			SetupLoadedEditorAssemblies (650ms)
				LogAssemblyErrors (0ms)
				InitializePlatformSupportModulesInManaged (11ms)
				SetLoadedEditorAssemblies (7ms)
				RefreshPlugins (116ms)
				BeforeProcessingInitializeOnLoad (96ms)
				ProcessInitializeOnLoadAttributes (357ms)
				ProcessInitializeOnLoadMethodAttributes (60ms)
				AfterProcessingInitializeOnLoad (4ms)
				EditorAssembliesLoaded (0ms)
			ExecutionOrderSort2 (0ms)
			AwakeInstancesAfterBackupRestoration (4ms)
Platform modules already initialized, skipping
========================================================================
Worker process is ready to serve import requests
Shader 'Oculus/OVRMRCameraFrameLit': fallback shader 'Alpha-Diffuse' not found
Launched and connected shader compiler UnityShaderCompiler.exe after 0.03 seconds
Refreshing native plugins compatible for Editor in 1.27 ms, found 8 plugins.
Preloading 1 native plugins for Editor in 0.06 ms.
Unloading 6798 Unused Serialized files (Serialized files now loaded: 0)
Unloading 66 unused Assets / (0.6 MB). Loaded Objects now: 7237.
Memory consumption went from 1.05 GB to 1.05 GB.
Total: 2.883300 ms (FindLiveObjects: 0.324900 ms CreateObjectMapping: 0.202300 ms MarkObjects: 2.198700 ms  DeleteObjects: 0.155900 ms)

AssetImportParameters requested are different than current active one (requested -> active):
  custom:video-decoder-ogg-theora: a1e56fd34408186e4bbccfd4996cb3dc -> 
  custom:container-muxer-webm: aa71ff27fc2769a1b78a27578f13a17b -> 
  custom:container-demuxer-webm: 4f35f7cbe854078d1ac9338744f61a02 -> 
  custom:video-encoder-webm-vp8: eb34c28f22e8b96e1ab97ce403110664 -> 
  custom:audio-encoder-webm-vorbis: bf7c407c2cedff20999df2af8eb42d56 -> 
  custom:framework-win-MediaFoundation: 216162199b28c13a410421893ffa2e32 -> 
  custom:container-demuxer-ogg: 62fdf1f143b41e24485cea50d1cbac27 -> 
  custom:video-decoder-webm-vp8: 9c59270c3fd7afecdb556c50c9e8de78 -> 
  custom:audio-decoder-ogg-vorbis: bf7c407c2cedff20999df2af8eb42d56 -> 
========================================================================
Received Import Request.
  Time since last request: 13973.813684 seconds.
  path: Assets/_XRITemplate/Environment/Materials/stucco5.mat
  artifactKey: Guid(484cff06ebc737c4d91da37e869ede17) Importer(815301076,1909f56bfc062723c751e8b465ee728b)
Start importing Assets/_XRITemplate/Environment/Materials/stucco5.mat using Guid(484cff06ebc737c4d91da37e869ede17) Importer(815301076,1909f56bfc062723c751e8b465ee728b)  -> (artifact id: '52d6951b19139059cce9a4a1e0268143') in 0.364517 seconds 
========================================================================
Received Import Request.
  Time since last request: 387.517432 seconds.
  path: Assets/_XRITemplate/Environment/Prefabs/Arch_Lower.prefab
  artifactKey: Guid(6d2ee135bb188a54cbb49d6319074b48) Importer(815301076,1909f56bfc062723c751e8b465ee728b)
Start importing Assets/_XRITemplate/Environment/Prefabs/Arch_Lower.prefab using Guid(6d2ee135bb188a54cbb49d6319074b48) Importer(815301076,1909f56bfc062723c751e8b465ee728b)  -> (artifact id: '94b2c271858cbc1c65c409d5873f99c0') in 0.034332 seconds 
========================================================================
Received Import Request.
  Time since last request: 0.000040 seconds.
  path: Assets/_XRITemplate/Environment/Prefabs/Arch_Station.prefab
  artifactKey: Guid(883bdce53539d024684924c30269efdd) Importer(815301076,1909f56bfc062723c751e8b465ee728b)
Start importing Assets/_XRITemplate/Environment/Prefabs/Arch_Station.prefab using Guid(883bdce53539d024684924c30269efdd) Importer(815301076,1909f56bfc062723c751e8b465ee728b)  -> (artifact id: '5d5172cb7d7af5baf775ef7f5012ec5d') in 0.009967 seconds 
========================================================================
Received Import Request.
  Time since last request: 0.000031 seconds.
  path: Assets/_XRITemplate/Environment/Prefabs/Platform_Upper.prefab
  artifactKey: Guid(5031c3a73dd617742abccb2f137ad59e) Importer(815301076,1909f56bfc062723c751e8b465ee728b)
Start importing Assets/_XRITemplate/Environment/Prefabs/Platform_Upper.prefab using Guid(5031c3a73dd617742abccb2f137ad59e) Importer(815301076,1909f56bfc062723c751e8b465ee728b)  -> (artifact id: 'cbd3552d8fe376e997ca9afa4d85e01d') in 0.012997 seconds 
========================================================================
Received Import Request.
  Time since last request: 0.000023 seconds.
  path: Assets/_XRITemplate/Environment/Prefabs/Cube.prefab
  artifactKey: Guid(224ab99c12567b94a8a7fad519daf55b) Importer(815301076,1909f56bfc062723c751e8b465ee728b)
Start importing Assets/_XRITemplate/Environment/Prefabs/Cube.prefab using Guid(224ab99c12567b94a8a7fad519daf55b) Importer(815301076,1909f56bfc062723c751e8b465ee728b)  -> (artifact id: '487b1f1bf02cf3e205fbde53060e73fe') in 0.011902 seconds 
========================================================================
Received Import Request.
  Time since last request: 0.000026 seconds.
  path: Assets/_XRITemplate/Environment/Prefabs/Stairs.prefab
  artifactKey: Guid(5ddfdbcd785bea04a86352c7fa339105) Importer(815301076,1909f56bfc062723c751e8b465ee728b)
Start importing Assets/_XRITemplate/Environment/Prefabs/Stairs.prefab using Guid(5ddfdbcd785bea04a86352c7fa339105) Importer(815301076,1909f56bfc062723c751e8b465ee728b)  -> (artifact id: 'c9203930ce02cb4727f95d1a5682e20d') in 0.011706 seconds 
========================================================================
Received Import Request.
  Time since last request: 0.000029 seconds.
  path: Assets/_XRITemplate/Environment/Prefabs/Station Light.prefab
  artifactKey: Guid(99f8a1d8dca80f141be37fe279ab0835) Importer(815301076,1909f56bfc062723c751e8b465ee728b)
Start importing Assets/_XRITemplate/Environment/Prefabs/Station Light.prefab using Guid(99f8a1d8dca80f141be37fe279ab0835) Importer(815301076,1909f56bfc062723c751e8b465ee728b)  -> (artifact id: 'f206b016a07c9d6752787315295e9dd9') in 0.004434 seconds 
========================================================================
Received Import Request.
  Time since last request: 0.000025 seconds.
  path: Assets/_XRITemplate/Environment/Prefabs/Arch_Upper.prefab
  artifactKey: Guid(f51f6d45a56fb3c43931d54874ea9042) Importer(815301076,1909f56bfc062723c751e8b465ee728b)
Start importing Assets/_XRITemplate/Environment/Prefabs/Arch_Upper.prefab using Guid(f51f6d45a56fb3c43931d54874ea9042) Importer(815301076,1909f56bfc062723c751e8b465ee728b)  -> (artifact id: '7747127166db4b297c4ba3dc9cf447f4') in 0.010577 seconds 
========================================================================
Received Import Request.
  Time since last request: 0.000029 seconds.
  path: Assets/_XRITemplate/Environment/Prefabs/Waterfall.prefab
  artifactKey: Guid(5c4455b1724196341bfab5ea56030e5b) Importer(815301076,1909f56bfc062723c751e8b465ee728b)
Start importing Assets/_XRITemplate/Environment/Prefabs/Waterfall.prefab using Guid(5c4455b1724196341bfab5ea56030e5b) Importer(815301076,1909f56bfc062723c751e8b465ee728b)  -> (artifact id: '4ff403fbe2a9cf6700e4ca9290911a44') in 0.009684 seconds 
========================================================================
Received Import Request.
  Time since last request: 0.000031 seconds.
  path: Assets/_XRITemplate/Environment/Prefabs/CloudSphere.prefab
  artifactKey: Guid(b3e0338bd03be3049b475c1effde0feb) Importer(815301076,1909f56bfc062723c751e8b465ee728b)
Start importing Assets/_XRITemplate/Environment/Prefabs/CloudSphere.prefab using Guid(b3e0338bd03be3049b475c1effde0feb) Importer(815301076,1909f56bfc062723c751e8b465ee728b)  -> (artifact id: 'e69b8cd8d0c3903f0fbf2bac26015ebf') in 0.044347 seconds 
========================================================================
Received Import Request.
  Time since last request: 0.000026 seconds.
  path: Assets/_XRITemplate/Environment/Prefabs/Environment_Build.prefab
  artifactKey: Guid(eb062ec49f40b17408a5dc25961a60ef) Importer(815301076,1909f56bfc062723c751e8b465ee728b)
Start importing Assets/_XRITemplate/Environment/Prefabs/Environment_Build.prefab using Guid(eb062ec49f40b17408a5dc25961a60ef) Importer(815301076,1909f56bfc062723c751e8b465ee728b)  -> (artifact id: '80991c2acc3d6111d8024274be37c8ac') in 0.557074 seconds 
Editor requested this worker to shutdown with reason: Scaling down because of idle timeout
AssetImportWorkerClient::OnTransportError - code=2 error=End of file
AssetImportWorker is now disconnected from the server
Process exiting
Exiting without the bug reporter. Application will terminate with return code 0